1559237483210|-1||debug||com.p6spy.engine.common.P6SpyOptions reloading properties
1559237483214|-1||info||Using properties file: C:\Users\Akhilesh\git\spring-boot-microservices-workshop\movie-catalog-service\target\classes\spy.properties
1559237483214|-1||info||No value in environment for: getStackTrace, using: false
1559237483214|-1||info||No value in environment for: getFilter, using: false
1559237483214|-1||info||No value in environment for: getAppender, using: com.p6spy.engine.spy.appender.Slf4JLogger
1559237483214|-1||info||No value in environment for: getDeregisterDrivers, using: false
1559237483214|-1||info||No value in environment for: getInclude, using: null
1559237483214|-1||info||No value in environment for: getUsePrefix, using: false
1559237483214|-1||info||No value in environment for: getJNDIContextFactory, using: null
1559237483214|-1||info||No value in environment for: getRealDataSource, using: null
1559237483214|-1||info||No value in environment for: getJNDIContextCustom, using: null
1559237483214|-1||info||No value in environment for: getReloadPropertiesInterval, using: -1
1559237483214|-1||info||No value in environment for: getRealDataSourceProperties, using: null
1559237483214|-1||info||No value in environment for: getReloadProperties, using: false
1559237483214|-1||info||No value in environment for: getExecutionThreshold, using: 0
1559237483214|-1||info||No value in environment for: getStringMatcherEngine, using: com.p6spy.engine.common.SubstringMatcher@1b812421
1559237483214|-1||info||No value in environment for: getStackTraceClass, using: null
1559237483214|-1||info||No value in environment for: getExcludecategories, using: null
1559237483214|-1||info||No value in environment for: getIncludecategories, using: null
1559237483214|-1||info||No value in environment for: getJNDIContextProviderURL, using: null
1559237483214|-1||info||No value in environment for: getRealDataSourceClass, using: null
1559237483214|-1||info||No value in environment for: getAutoflush, using: false
1559237483214|-1||info||No value in environment for: getAppend, using: true
1559237483214|-1||info||No value in environment for: getDateformat, using: null
1559237483214|-1||info||No value in environment for: getDateformatter, using: null
1559237483214|-1||info||No value in environment for: getStringmatcher, using: com.p6spy.engine.common.SubstringMatcher
1559237483214|-1||info||No value in environment for: getExclude, using: null
1559237483214|-1||info||No value in environment for: getSpydriver, using: com.p6spy.engine.spy.P6SpyDriver
1559237483214|-1||info||No value in environment for: getSQLExpression, using: null
1559237483214|-1||info||No value in environment for: getLogfile, using: spy.log
1559237483214|-1||info||No value in environment for: getRealdriver2, using: null
1559237483214|-1||info||No value in environment for: getRealdriver3, using: null
1559237483214|-1||info||No value in environment for: getRealdriver, using: null
1559237483214|-1||info||reloadProperties() successful
1559237483261|-1||debug||Driver manager reporting driver registered: org.hsqldb.jdbc.JDBCDriver@20d11153
1559237483261|-1||debug||Driver manager reporting driver registered: SQLServerDriver:1
